<?xml version="1.0" encoding="UTF-8"?>
<!-- Generated by org.testng.reporters.JUnitReportReporter -->
<testsuite hostname="LAPTOP-HFMADL1V" failures="0" tests="1" name="TestCases.UI_TestCases" time="13.860" errors="0" timestamp="2023-07-16T13:53:39 IST" skipped="0">
  <testcase classname="TestCases.UI_TestCases" name="TC_UITestCase_007" time="13.860"/>
</testsuite> <!-- TestCases.UI_TestCases -->
