<?xml version="1.0" encoding="UTF-8"?>
<!-- Generated by org.testng.reporters.JUnitReportReporter -->
<testsuite hostname="LAPTOP-HFMADL1V" failures="0" tests="1" name="TestCases.FunctionalTestCase" time="12.069" errors="0" timestamp="2023-07-16T13:47:08 IST" skipped="0">
  <testcase classname="TestCases.FunctionalTestCase" name="TC_FunctionalTestCase_003" time="12.069"/>
</testsuite> <!-- TestCases.FunctionalTestCase -->
